<?xml version="1.0" encoding="UTF-8"?>
<!-- Generated by org.testng.reporters.JUnitReportReporter -->
<testsuite skipped="0" hostname="LAPTOP-HP57CTMK" name="testCases.VerifyregisterErrorMessages" tests="5" failures="0" timestamp="04 Feb 2019 04:47:14 GMT" time="50.129" errors="0">
  <testcase name="verifyRegisterLastNameMessage" time="10.304" classname="testCases.VerifyregisterErrorMessages"/>
  <testcase name="verifyRegisterPasswordMessage" time="7.507" classname="testCases.VerifyregisterErrorMessages"/>
  <testcase name="verifyRegisterBirthdayMessage" time="9.745" classname="testCases.VerifyregisterErrorMessages"/>
  <testcase name="verifyRegisterFirstNameMessage" time="14.873" classname="testCases.VerifyregisterErrorMessages"/>
  <testcase name="verifyRegisterEmailMessage" time="7.700" classname="testCases.VerifyregisterErrorMessages"/>
</testsuite> <!-- testCases.VerifyregisterErrorMessages -->
