<?xml version="1.0" encoding="UTF-8"?>
<!-- Generated by org.testng.reporters.JUnitReportReporter -->
<testsuite skipped="0" hostname="LAPTOP-HP57CTMK" name="testCases.verifyLoginErrorMessages" tests="2" failures="0" timestamp="04 Feb 2019 04:47:14 GMT" time="18.011" errors="0">
  <testcase name="verifyLoginPasswordMessage" time="9.008" classname="testCases.verifyLoginErrorMessages"/>
  <testcase name="verifyLoginEmailMessage" time="9.003" classname="testCases.verifyLoginErrorMessages"/>
</testsuite> <!-- testCases.verifyLoginErrorMessages -->
