<?xml version="1.0" encoding="UTF-8"?>
<!-- Generated by org.testng.reporters.JUnitReportReporter -->
<testsuite skipped="0" hostname="LAPTOP-HP57CTMK" name="testCases.GmailLogin" tests="1" failures="0" timestamp="04 Feb 2019 04:31:50 GMT" time="18.947" errors="0">
  <testcase name="loginGmailTest" time="18.947" classname="testCases.GmailLogin"/>
</testsuite> <!-- testCases.GmailLogin -->
