<?xml version="1.0" encoding="UTF-8"?>
<!-- Generated by org.testng.reporters.JUnitReportReporter -->
<testsuite skipped="0" hostname="LAPTOP-HP57CTMK" name="testCases.VerifyErrorMessages" tests="2" failures="0" timestamp="02 Feb 2019 23:29:49 GMT" time="23.678" errors="0">
  <testcase name="verifyRegisterMessages" time="14.445" classname="testCases.VerifyErrorMessages"/>
  <testcase name="verifyLoginMessages" time="9.233" classname="testCases.VerifyErrorMessages"/>
</testsuite> <!-- testCases.VerifyErrorMessages -->
