<?xml version="1.0" encoding="UTF-8"?>
<!-- Generated by org.testng.reporters.JUnitReportReporter -->
<testsuite skipped="0" hostname="LAPTOP-HP57CTMK" name="testCases.verifyLoginErrorMessages" tests="4" failures="0" timestamp="08 Feb 2019 03:43:53 GMT" time="0.381" errors="0">
  <testcase name="verifyLoginPasswordMessage" time="0.126" classname="testCases.verifyLoginErrorMessages"/>
  <testcase name="verifyLoginEmailMessage" time="0.082" classname="testCases.verifyLoginErrorMessages"/>
  <testcase name="verifyLoginEmailMessage" time="0.123" classname="testCases.verifyLoginErrorMessages"/>
  <testcase name="verifyLoginPasswordMessage" time="0.050" classname="testCases.verifyLoginErrorMessages"/>
</testsuite> <!-- testCases.verifyLoginErrorMessages -->
