<?xml version="1.0" encoding="UTF-8"?>
<!-- Generated by org.testng.reporters.JUnitReportReporter -->
<testsuite skipped="0" hostname="LAPTOP-HP57CTMK" name="testCases.GmailLogin" tests="1" failures="0" timestamp="08 Feb 2019 03:43:53 GMT" time="13.905" errors="0">
  <testcase name="loginGmailTest" time="13.905" classname="testCases.GmailLogin"/>
</testsuite> <!-- testCases.GmailLogin -->
