<?xml version="1.0" encoding="UTF-8"?>
<!-- Generated by org.testng.reporters.JUnitReportReporter -->
<testsuite skipped="0" hostname="LAPTOP-HP57CTMK" name="testCases.VerifyregisterErrorMessages" tests="10" failures="0" timestamp="08 Feb 2019 03:43:53 GMT" time="1.250" errors="0">
  <testcase name="verifyRegisterLastNameMessage" time="0.106" classname="testCases.VerifyregisterErrorMessages"/>
  <testcase name="verifyRegisterPasswordMessage" time="0.133" classname="testCases.VerifyregisterErrorMessages"/>
  <testcase name="verifyRegisterFirstNameMessage" time="0.083" classname="testCases.VerifyregisterErrorMessages"/>
  <testcase name="verifyRegisterEmailMessage" time="0.181" classname="testCases.VerifyregisterErrorMessages"/>
  <testcase name="verifyRegisterPasswordMessage" time="0.081" classname="testCases.VerifyregisterErrorMessages"/>
  <testcase name="verifyRegisterBirthdayMessage" time="0.098" classname="testCases.VerifyregisterErrorMessages"/>
  <testcase name="verifyRegisterLastNameMessage" time="0.097" classname="testCases.VerifyregisterErrorMessages"/>
  <testcase name="verifyRegisterBirthdayMessage" time="0.168" classname="testCases.VerifyregisterErrorMessages"/>
  <testcase name="verifyRegisterFirstNameMessage" time="0.164" classname="testCases.VerifyregisterErrorMessages"/>
  <testcase name="verifyRegisterEmailMessage" time="0.139" classname="testCases.VerifyregisterErrorMessages"/>
</testsuite> <!-- testCases.VerifyregisterErrorMessages -->
